2025/01/16 12:11:19 PM DEBUG:in BarChartData:                            open        low       high      close  volatility  volatility_rate  difference_close  buy_signal
candle_date_time_kst                                                                                                       
2025-01-16 11:42:00   146632000  146498000  146662000  146502000      164000             0.11               NaN       False
2025-01-16 11:45:00   146553000  146500000  146554000  146501000       54000             0.04           -1000.0       False
2025-01-16 11:48:00   146501000  146426000  146542000  146426000      116000             0.08          -75000.0       False
2025-01-16 11:51:00   146426000  146360000  146520000  146444000      160000             0.11           18000.0        True
2025-01-16 11:54:00   146443000  146361000  146446000  146383000       85000             0.06          -61000.0       False
2025-01-16 11:57:00   146387000  146379000  146498000  146401000      119000             0.08           18000.0        True
2025-01-16 12:00:00   146402000  146376000  146500000  146500000      124000             0.08           99000.0        True
2025-01-16 12:03:00   146500000  146366000  146563000  146563000      197000             0.13           63000.0       False
2025-01-16 12:06:00   146500000  146500000  146761000  146761000      261000             0.18          198000.0        True
2025-01-16 12:09:00   146761000  146592000  146800000  146777000      208000             0.14           16000.0       False
2025/01/16 12:11:19 PM DEBUG:in BarChartData:                        market candle_date_time_utc       open       high        low  ...  unit  difference_close  volatility  volatility_rate  buy_signal
candle_date_time_kst                                                                 ...                                                                 
2025-01-16 11:42:00   KRW-BTC  2025-01-16T02:42:00  146632000  146662000  146498000  ...     3               NaN      164000             0.11       False
2025-01-16 11:45:00   KRW-BTC  2025-01-16T02:45:00  146553000  146554000  146500000  ...     3           -1000.0       54000             0.04       False
2025-01-16 11:48:00   KRW-BTC  2025-01-16T02:48:00  146501000  146542000  146426000  ...     3          -75000.0      116000             0.08       False
2025-01-16 11:51:00   KRW-BTC  2025-01-16T02:51:00  146426000  146520000  146360000  ...     3           18000.0      160000             0.11        True
2025-01-16 11:54:00   KRW-BTC  2025-01-16T02:54:00  146443000  146446000  146361000  ...     3          -61000.0       85000             0.06       False
2025-01-16 11:57:00   KRW-BTC  2025-01-16T02:57:00  146387000  146498000  146379000  ...     3           18000.0      119000             0.08        True
2025-01-16 12:00:00   KRW-BTC  2025-01-16T03:00:00  146402000  146500000  146376000  ...     3           99000.0      124000             0.08        True
2025-01-16 12:03:00   KRW-BTC  2025-01-16T03:03:00  146500000  146563000  146366000  ...     3           63000.0      197000             0.13       False
2025-01-16 12:06:00   KRW-BTC  2025-01-16T03:06:00  146500000  146761000  146500000  ...     3          198000.0      261000             0.18        True
2025-01-16 12:09:00   KRW-BTC  2025-01-16T03:09:00  146761000  146800000  146592000  ...     3           16000.0      208000             0.14       False

[10 rows x 14 columns]
2025/01/16 12:11:19 PM INFO:in BarChartData: volatility_rate: 0.18, buy_price: 146761000.0, sell_price: 146777000.0, total_fee: 117415
2025/01/16 12:17:53 PM DEBUG:in BarChartData:                            open        low       high      close  volatility  volatility_rate  difference_close  buy_signal
candle_date_time_kst                                                                                                       
2025-01-16 11:48:00   146501000  146426000  146542000  146426000      116000             0.08               NaN       False
2025-01-16 11:51:00   146426000  146360000  146520000  146444000      160000             0.11           18000.0       False
2025-01-16 11:54:00   146443000  146361000  146446000  146383000       85000             0.06          -61000.0       False
2025-01-16 11:57:00   146387000  146379000  146498000  146401000      119000             0.08           18000.0        True
2025-01-16 12:00:00   146402000  146376000  146500000  146500000      124000             0.08           99000.0        True
2025-01-16 12:03:00   146500000  146366000  146563000  146563000      197000             0.13           63000.0       False
2025-01-16 12:06:00   146500000  146500000  146761000  146761000      261000             0.18          198000.0        True
2025-01-16 12:09:00   146761000  146592000  146810000  146800000      218000             0.15           39000.0       False
2025-01-16 12:12:00   146800000  146736000  146898000  146736000      162000             0.11          -64000.0       False
2025-01-16 12:15:00   146736000  146620000  146790000  146704000      170000             0.12          -32000.0        True
2025/01/16 12:17:53 PM INFO:in BarChartData: volatility_rate: 0.11, buy_price: 146736000.0, sell_price: 146704000.0, total_fee: 117376
2025/01/16 12:21:16 PM DEBUG:in BarChartData:                            open        low       high      close  volatility  volatility_rate  difference_close  buy_signal
candle_date_time_kst                                                                                                       
2025-01-16 11:54:00   146443000  146361000  146446000  146383000       85000             0.06               NaN       False
2025-01-16 11:57:00   146387000  146379000  146498000  146401000      119000             0.08           18000.0       False
2025-01-16 12:00:00   146402000  146376000  146500000  146500000      124000             0.08           99000.0        True
2025-01-16 12:03:00   146500000  146366000  146563000  146563000      197000             0.13           63000.0       False
2025-01-16 12:06:00   146500000  146500000  146761000  146761000      261000             0.18          198000.0        True
2025-01-16 12:09:00   146761000  146592000  146810000  146800000      218000             0.15           39000.0       False
2025-01-16 12:12:00   146800000  146736000  146898000  146736000      162000             0.11          -64000.0       False
2025-01-16 12:15:00   146736000  146620000  146790000  146676000      170000             0.12          -60000.0        True
2025-01-16 12:18:00   146676000  146460000  146735000  146518000      275000             0.19         -158000.0       False
2025-01-16 12:21:00   146554000  146530000  146598000  146540000       68000             0.05           22000.0        True
2025/01/16 12:21:16 PM INFO:in BarChartData: volatility_rate: 0.19, buy_price: 146518000.0, sell_price: 146540000.0, total_fee: 117223
2025/01/16 01:00:56 PM INFO:in volatility_rate_main.py: 매수 배치 작업 시작
2025/01/16 01:00:56 PM INFO:in BarChartData: volatility_rate: 0.07, buy_price: 146262000.0, sell_price: 146240000.0, total_fee: 117001
2025/01/16 01:02:26 PM INFO:in BarChartData: volatility_rate: 0.07, buy_price: 146262000.0, sell_price: 146291000.0, total_fee: 117021
2025/01/16 01:03:57 PM INFO:in BarChartData: volatility_rate: 0.09, buy_price: 146317000.0, sell_price: 146349000.0, total_fee: 117066
2025/01/16 01:05:27 PM INFO:in BarChartData: volatility_rate: 0.09, buy_price: 146317000.0, sell_price: 146377000.0, total_fee: 117078
2025/01/16 01:06:57 PM INFO:in BarChartData: volatility_rate: 0.05, buy_price: 146353000.0, sell_price: 146364000.0, total_fee: 117087
2025/01/16 01:08:27 PM INFO:in BarChartData: volatility_rate: 0.05, buy_price: 146353000.0, sell_price: 146378000.0, total_fee: 117092
2025/01/16 01:09:57 PM INFO:in BarChartData: volatility_rate: 0.07, buy_price: 146363000.0, sell_price: 146374000.0, total_fee: 117095
2025/01/16 01:11:28 PM INFO:in BarChartData: volatility_rate: 0.07, buy_price: 146363000.0, sell_price: 146487000.0, total_fee: 117140
2025/01/16 01:11:28 PM DEBUG:in BarChartData:                            open        low       high  ...  volatility_rate  difference_close  buy_signal
candle_date_time_kst                                   ...                                               
2025-01-16 12:42:00   146224000  146150000  146298000  ...             0.10               NaN       False
2025-01-16 12:45:00   146289000  146289000  146382000  ...             0.06           75000.0       False
2025-01-16 12:48:00   146360000  146343000  146378000  ...             0.02          -16000.0       False
2025-01-16 12:51:00   146344000  146214000  146344000  ...             0.09          -53000.0       False
2025-01-16 12:54:00   146271000  146271000  146344000  ...             0.05           44000.0        True
2025-01-16 12:57:00   146335000  146230000  146336000  ...             0.07          -73000.0       False
2025-01-16 13:00:00   146262000  146240000  146372000  ...             0.09           55000.0        True
2025-01-16 13:03:00   146317000  146297000  146377000  ...             0.05           36000.0       False
2025-01-16 13:06:00   146353000  146291000  146394000  ...             0.07           10000.0       False
2025-01-16 13:09:00   146363000  146326000  146487000  ...             0.11          124000.0        True

[10 rows x 8 columns]
2025/01/16 01:11:28 PM INFO:in volatility_rate_main.py: 매수 프로세스 시작!!
2025/01/16 01:11:28 PM INFO:in buy.py: 매수 가격: 146363000, 0.0003189
2025/01/16 01:11:28 PM INFO:in buy_check.py: Checking status...1
2025/01/16 01:11:38 PM INFO:in buy_check.py: Checking status...2
2025/01/16 01:11:48 PM INFO:in buy_check.py: Checking status...3
2025/01/16 01:11:58 PM INFO:in buy_check.py: Checking status...4
2025/01/16 01:12:08 PM INFO:in buy_check.py: Checking status...5
2025/01/16 01:12:18 PM INFO:in buy_check.py: Checking status...6
2025/01/16 01:12:29 PM INFO:in buy_check.py: Checking status...7
2025/01/16 01:12:39 PM INFO:in buy_check.py: Checking status...8
2025/01/16 01:12:49 PM INFO:in buy_check.py: Checking status...9
2025/01/16 01:12:59 PM INFO:in buy_check.py: Checking status...10
2025/01/16 01:12:59 PM INFO:in buy_check.py: 10회 재시도 후 주문취소
2025/01/16 01:12:59 PM INFO:in volatility_rate_main.py: buy_price: 146363000, quantity: 0.0003189, sell_price: 146487000.0
2025/01/16 01:14:29 PM INFO:in BarChartData: volatility_rate: 0.11, buy_price: 146426000.0, sell_price: 146358000.0, total_fee: 117114
2025/01/16 01:16:00 PM INFO:in BarChartData: volatility_rate: 0.1, buy_price: 146356000.0, sell_price: 146338000.0, total_fee: 117078
2025/01/16 01:17:30 PM INFO:in BarChartData: volatility_rate: 0.1, buy_price: 146356000.0, sell_price: 146400000.0, total_fee: 117102
2025/01/16 01:19:00 PM INFO:in BarChartData: volatility_rate: 0.06, buy_price: 146373000.0, sell_price: 146335000.0, total_fee: 117083
2025/01/16 01:20:31 PM INFO:in BarChartData: volatility_rate: 0.06, buy_price: 146373000.0, sell_price: 146292000.0, total_fee: 117066
2025/01/16 01:20:50 PM INFO:in volatility_rate_main.py: 매수 배치 작업 시작
2025/01/16 01:20:51 PM INFO:in BarChartData: volatility_rate: 0.06, buy_price: 146373000.0, sell_price: 146325000.0, total_fee: 117079
2025/01/16 01:22:21 PM INFO:in BarChartData: volatility_rate: 0.07, buy_price: 146325000.0, sell_price: 146302000.0, total_fee: 117051
2025/01/16 01:22:35 PM INFO:in volatility_rate_main.py: 매수 배치 작업 시작
2025/01/16 01:22:35 PM INFO:in BarChartData: volatility_rate: 0.07, buy_price: 146325000.0, sell_price: 146290000.0, total_fee: 117046
